Aug 30 2022 06:06:03
{"type":8,"message":"Undefined index: license","file":"\/home\/u328112171\/domains\/baderstore.net\/public_html\/wp-content\/plugins\/elementor-pro\/license\/api.php","line":362}

Aug 30 2022 06:06:35
{"type":8,"message":"Undefined index: license","file":"\/home\/u328112171\/domains\/baderstore.net\/public_html\/wp-content\/plugins\/elementor-pro\/license\/api.php","line":362}

Aug 30 2022 06:06:36
{"type":8,"message":"Undefined index: license","file":"\/home\/u328112171\/domains\/baderstore.net\/public_html\/wp-content\/plugins\/elementor-pro\/license\/api.php","line":362}

Aug 30 2022 06:06:38
{"type":8,"message":"Undefined index: license","file":"\/home\/u328112171\/domains\/baderstore.net\/public_html\/wp-content\/plugins\/elementor-pro\/license\/api.php","line":362}

Aug 30 2022 06:06:39
{"type":8,"message":"Undefined index: license","file":"\/home\/u328112171\/domains\/baderstore.net\/public_html\/wp-content\/plugins\/elementor-pro\/license\/api.php","line":362}

Aug 30 2022 06:06:42
{"type":8,"message":"Undefined index: license","file":"\/home\/u328112171\/domains\/baderstore.net\/public_html\/wp-content\/plugins\/elementor-pro\/license\/api.php","line":362}

Aug 30 2022 06:06:53
{"type":8,"message":"Undefined index: license","file":"\/home\/u328112171\/domains\/baderstore.net\/public_html\/wp-content\/plugins\/elementor-pro\/license\/api.php","line":362}

Aug 30 2022 06:07:05
{"type":8,"message":"Undefined index: license","file":"\/home\/u328112171\/domains\/baderstore.net\/public_html\/wp-content\/plugins\/elementor-pro\/license\/api.php","line":362}

Aug 30 2022 06:07:26
{"type":8,"message":"Undefined index: license","file":"\/home\/u328112171\/domains\/baderstore.net\/public_html\/wp-content\/plugins\/elementor-pro\/license\/api.php","line":362}

Aug 30 2022 06:07:37
{"type":8,"message":"Undefined index: license","file":"\/home\/u328112171\/domains\/baderstore.net\/public_html\/wp-content\/plugins\/elementor-pro\/license\/api.php","line":362}

Aug 30 2022 06:07:48
{"type":8,"message":"Undefined index: license","file":"\/home\/u328112171\/domains\/baderstore.net\/public_html\/wp-content\/plugins\/elementor-pro\/license\/api.php","line":362}

Aug 30 2022 06:07:59
{"type":8,"message":"Undefined index: license","file":"\/home\/u328112171\/domains\/baderstore.net\/public_html\/wp-content\/plugins\/elementor-pro\/license\/api.php","line":362}

Aug 30 2022 06:08:07
{"type":8,"message":"Undefined index: license","file":"\/home\/u328112171\/domains\/baderstore.net\/public_html\/wp-content\/plugins\/elementor-pro\/license\/api.php","line":362}

Aug 30 2022 06:08:25
{"type":8,"message":"Undefined index: license","file":"\/home\/u328112171\/domains\/baderstore.net\/public_html\/wp-content\/plugins\/elementor-pro\/license\/api.php","line":362}

Aug 30 2022 06:08:52
{"type":8,"message":"Undefined index: license","file":"\/home\/u328112171\/domains\/baderstore.net\/public_html\/wp-content\/plugins\/elementor-pro\/license\/api.php","line":362}

Aug 30 2022 06:08:53
{"type":8,"message":"Undefined index: license","file":"\/home\/u328112171\/domains\/baderstore.net\/public_html\/wp-content\/plugins\/elementor-pro\/license\/api.php","line":362}

Aug 30 2022 06:08:54
{"type":8,"message":"Undefined index: license","file":"\/home\/u328112171\/domains\/baderstore.net\/public_html\/wp-content\/plugins\/elementor-pro\/license\/api.php","line":362}

Oct 08 2022 06:36:12
{"type":8,"message":"Constant WOOCCM_PLUGIN_NAME already defined","file":"\/home\/u328112171\/domains\/baderstore.net\/public_html\/wp-content\/plugins\/woocommerce-checkout-manager\/woocommerce-checkout-manager.php","line":19}

Oct 08 2022 06:36:13
{"type":8,"message":"Constant WOOCCM_PLUGIN_NAME already defined","file":"\/home\/u328112171\/domains\/baderstore.net\/public_html\/wp-content\/plugins\/woocommerce-checkout-manager\/woocommerce-checkout-manager.php","line":19}

Oct 08 2022 06:36:15
{"type":8,"message":"Constant WOOCCM_PLUGIN_NAME already defined","file":"\/home\/u328112171\/domains\/baderstore.net\/public_html\/wp-content\/plugins\/woocommerce-checkout-manager\/woocommerce-checkout-manager.php","line":19}

Oct 08 2022 06:36:21
{"type":8,"message":"Constant WOOCCM_PLUGIN_NAME already defined","file":"\/home\/u328112171\/domains\/baderstore.net\/public_html\/wp-content\/plugins\/woocommerce-checkout-manager\/woocommerce-checkout-manager.php","line":19}

Oct 08 2022 06:36:22
{"type":8,"message":"Constant WOOCCM_PLUGIN_NAME already defined","file":"\/home\/u328112171\/domains\/baderstore.net\/public_html\/wp-content\/plugins\/woocommerce-checkout-manager\/woocommerce-checkout-manager.php","line":19}

Oct 08 2022 06:36:32
{"type":8,"message":"Constant WOOCCM_PLUGIN_NAME already defined","file":"\/home\/u328112171\/domains\/baderstore.net\/public_html\/wp-content\/plugins\/woocommerce-checkout-manager\/woocommerce-checkout-manager.php","line":19}

Oct 08 2022 06:36:43
{"type":8,"message":"Constant WOOCCM_PLUGIN_NAME already defined","file":"\/home\/u328112171\/domains\/baderstore.net\/public_html\/wp-content\/plugins\/woocommerce-checkout-manager\/woocommerce-checkout-manager.php","line":19}

Oct 08 2022 06:36:54
{"type":8,"message":"Constant WOOCCM_PLUGIN_NAME already defined","file":"\/home\/u328112171\/domains\/baderstore.net\/public_html\/wp-content\/plugins\/woocommerce-checkout-manager\/woocommerce-checkout-manager.php","line":19}

Oct 08 2022 06:37:04
{"type":8,"message":"Constant WOOCCM_PLUGIN_NAME already defined","file":"\/home\/u328112171\/domains\/baderstore.net\/public_html\/wp-content\/plugins\/woocommerce-checkout-manager\/woocommerce-checkout-manager.php","line":19}

Oct 08 2022 06:37:15
{"type":8,"message":"Constant WOOCCM_PLUGIN_NAME already defined","file":"\/home\/u328112171\/domains\/baderstore.net\/public_html\/wp-content\/plugins\/woocommerce-checkout-manager\/woocommerce-checkout-manager.php","line":19}

Oct 08 2022 06:37:23
{"type":8,"message":"Constant WOOCCM_PLUGIN_NAME already defined","file":"\/home\/u328112171\/domains\/baderstore.net\/public_html\/wp-content\/plugins\/woocommerce-checkout-manager\/woocommerce-checkout-manager.php","line":19}

Oct 08 2022 06:37:25
{"type":8,"message":"Constant WOOCCM_PLUGIN_NAME already defined","file":"\/home\/u328112171\/domains\/baderstore.net\/public_html\/wp-content\/plugins\/woocommerce-checkout-manager\/woocommerce-checkout-manager.php","line":19}

Oct 08 2022 06:37:26
{"type":8,"message":"Constant WOOCCM_PLUGIN_NAME already defined","file":"\/home\/u328112171\/domains\/baderstore.net\/public_html\/wp-content\/plugins\/woocommerce-checkout-manager\/woocommerce-checkout-manager.php","line":19}

Oct 08 2022 06:37:26
{"type":8,"message":"Constant WOOCCM_PLUGIN_NAME already defined","file":"\/home\/u328112171\/domains\/baderstore.net\/public_html\/wp-content\/plugins\/woocommerce-checkout-manager\/woocommerce-checkout-manager.php","line":19}

Oct 08 2022 06:37:27
{"type":8,"message":"Constant WOOCCM_PLUGIN_NAME already defined","file":"\/home\/u328112171\/domains\/baderstore.net\/public_html\/wp-content\/plugins\/woocommerce-checkout-manager\/woocommerce-checkout-manager.php","line":19}

May 05 2024 08:34:29
{"type":8192,"message":"Return type of Ai1wm_Recursive_Newline_Filter::accept() should either be compatible with FilterIterator::accept(): bool, or the #[\\ReturnTypeWillChange] attribute should be used to temporarily suppress the notice","file":"C:\\MAMP\\htdocs\\fahad\\wp-content\\plugins\\all-in-one-wp-migration\\lib\\vendor\\servmask\\filter\\class-ai1wm-recursive-newline-filter.php","line":28}

May 05 2024 08:34:31
{"type":8192,"message":"Return type of Ai1wm_Recursive_Newline_Filter::accept() should either be compatible with FilterIterator::accept(): bool, or the #[\\ReturnTypeWillChange] attribute should be used to temporarily suppress the notice","file":"C:\\MAMP\\htdocs\\fahad\\wp-content\\plugins\\all-in-one-wp-migration\\lib\\vendor\\servmask\\filter\\class-ai1wm-recursive-newline-filter.php","line":28}

May 05 2024 08:34:32
{"type":8192,"message":"Return type of Ai1wm_Recursive_Newline_Filter::accept() should either be compatible with FilterIterator::accept(): bool, or the #[\\ReturnTypeWillChange] attribute should be used to temporarily suppress the notice","file":"C:\\MAMP\\htdocs\\fahad\\wp-content\\plugins\\all-in-one-wp-migration\\lib\\vendor\\servmask\\filter\\class-ai1wm-recursive-newline-filter.php","line":28}

May 05 2024 08:34:33
{"type":8192,"message":"Return type of Ai1wm_Recursive_Newline_Filter::accept() should either be compatible with FilterIterator::accept(): bool, or the #[\\ReturnTypeWillChange] attribute should be used to temporarily suppress the notice","file":"C:\\MAMP\\htdocs\\fahad\\wp-content\\plugins\\all-in-one-wp-migration\\lib\\vendor\\servmask\\filter\\class-ai1wm-recursive-newline-filter.php","line":28}

May 05 2024 08:34:34
{"type":8192,"message":"Return type of Ai1wm_Recursive_Newline_Filter::accept() should either be compatible with FilterIterator::accept(): bool, or the #[\\ReturnTypeWillChange] attribute should be used to temporarily suppress the notice","file":"C:\\MAMP\\htdocs\\fahad\\wp-content\\plugins\\all-in-one-wp-migration\\lib\\vendor\\servmask\\filter\\class-ai1wm-recursive-newline-filter.php","line":28}

May 05 2024 08:34:35
{"type":8192,"message":"Return type of Ai1wm_Recursive_Newline_Filter::accept() should either be compatible with FilterIterator::accept(): bool, or the #[\\ReturnTypeWillChange] attribute should be used to temporarily suppress the notice","file":"C:\\MAMP\\htdocs\\fahad\\wp-content\\plugins\\all-in-one-wp-migration\\lib\\vendor\\servmask\\filter\\class-ai1wm-recursive-newline-filter.php","line":28}

May 05 2024 08:34:37
{"type":8192,"message":"Return type of Ai1wm_Recursive_Newline_Filter::accept() should either be compatible with FilterIterator::accept(): bool, or the #[\\ReturnTypeWillChange] attribute should be used to temporarily suppress the notice","file":"C:\\MAMP\\htdocs\\fahad\\wp-content\\plugins\\all-in-one-wp-migration\\lib\\vendor\\servmask\\filter\\class-ai1wm-recursive-newline-filter.php","line":28}

May 05 2024 08:34:38
{"type":8192,"message":"Return type of Ai1wm_Recursive_Newline_Filter::accept() should either be compatible with FilterIterator::accept(): bool, or the #[\\ReturnTypeWillChange] attribute should be used to temporarily suppress the notice","file":"C:\\MAMP\\htdocs\\fahad\\wp-content\\plugins\\all-in-one-wp-migration\\lib\\vendor\\servmask\\filter\\class-ai1wm-recursive-newline-filter.php","line":28}

May 05 2024 08:34:39
{"type":8192,"message":"Return type of Ai1wm_Recursive_Newline_Filter::accept() should either be compatible with FilterIterator::accept(): bool, or the #[\\ReturnTypeWillChange] attribute should be used to temporarily suppress the notice","file":"C:\\MAMP\\htdocs\\fahad\\wp-content\\plugins\\all-in-one-wp-migration\\lib\\vendor\\servmask\\filter\\class-ai1wm-recursive-newline-filter.php","line":28}

May 05 2024 08:34:40
{"type":8192,"message":"Return type of Ai1wm_Recursive_Newline_Filter::accept() should either be compatible with FilterIterator::accept(): bool, or the #[\\ReturnTypeWillChange] attribute should be used to temporarily suppress the notice","file":"C:\\MAMP\\htdocs\\fahad\\wp-content\\plugins\\all-in-one-wp-migration\\lib\\vendor\\servmask\\filter\\class-ai1wm-recursive-newline-filter.php","line":28}

May 05 2024 08:34:41
{"type":8192,"message":"Return type of Ai1wm_Recursive_Newline_Filter::accept() should either be compatible with FilterIterator::accept(): bool, or the #[\\ReturnTypeWillChange] attribute should be used to temporarily suppress the notice","file":"C:\\MAMP\\htdocs\\fahad\\wp-content\\plugins\\all-in-one-wp-migration\\lib\\vendor\\servmask\\filter\\class-ai1wm-recursive-newline-filter.php","line":28}

May 05 2024 08:34:42
{"type":8192,"message":"Return type of Ai1wm_Recursive_Newline_Filter::accept() should either be compatible with FilterIterator::accept(): bool, or the #[\\ReturnTypeWillChange] attribute should be used to temporarily suppress the notice","file":"C:\\MAMP\\htdocs\\fahad\\wp-content\\plugins\\all-in-one-wp-migration\\lib\\vendor\\servmask\\filter\\class-ai1wm-recursive-newline-filter.php","line":28}

May 05 2024 08:34:44
{"type":8192,"message":"Return type of Ai1wm_Recursive_Newline_Filter::accept() should either be compatible with FilterIterator::accept(): bool, or the #[\\ReturnTypeWillChange] attribute should be used to temporarily suppress the notice","file":"C:\\MAMP\\htdocs\\fahad\\wp-content\\plugins\\all-in-one-wp-migration\\lib\\vendor\\servmask\\filter\\class-ai1wm-recursive-newline-filter.php","line":28}

May 05 2024 08:34:45
{"type":8192,"message":"Return type of Ai1wm_Recursive_Newline_Filter::accept() should either be compatible with FilterIterator::accept(): bool, or the #[\\ReturnTypeWillChange] attribute should be used to temporarily suppress the notice","file":"C:\\MAMP\\htdocs\\fahad\\wp-content\\plugins\\all-in-one-wp-migration\\lib\\vendor\\servmask\\filter\\class-ai1wm-recursive-newline-filter.php","line":28}

May 05 2024 08:34:46
{"type":8192,"message":"Return type of Ai1wm_Recursive_Newline_Filter::accept() should either be compatible with FilterIterator::accept(): bool, or the #[\\ReturnTypeWillChange] attribute should be used to temporarily suppress the notice","file":"C:\\MAMP\\htdocs\\fahad\\wp-content\\plugins\\all-in-one-wp-migration\\lib\\vendor\\servmask\\filter\\class-ai1wm-recursive-newline-filter.php","line":28}

May 05 2024 08:34:47
{"type":8192,"message":"Return type of Ai1wm_Recursive_Newline_Filter::accept() should either be compatible with FilterIterator::accept(): bool, or the #[\\ReturnTypeWillChange] attribute should be used to temporarily suppress the notice","file":"C:\\MAMP\\htdocs\\fahad\\wp-content\\plugins\\all-in-one-wp-migration\\lib\\vendor\\servmask\\filter\\class-ai1wm-recursive-newline-filter.php","line":28}

May 05 2024 08:34:48
{"type":8192,"message":"Return type of Ai1wm_Recursive_Newline_Filter::accept() should either be compatible with FilterIterator::accept(): bool, or the #[\\ReturnTypeWillChange] attribute should be used to temporarily suppress the notice","file":"C:\\MAMP\\htdocs\\fahad\\wp-content\\plugins\\all-in-one-wp-migration\\lib\\vendor\\servmask\\filter\\class-ai1wm-recursive-newline-filter.php","line":28}

May 05 2024 08:34:49
{"type":8192,"message":"Return type of Ai1wm_Recursive_Newline_Filter::accept() should either be compatible with FilterIterator::accept(): bool, or the #[\\ReturnTypeWillChange] attribute should be used to temporarily suppress the notice","file":"C:\\MAMP\\htdocs\\fahad\\wp-content\\plugins\\all-in-one-wp-migration\\lib\\vendor\\servmask\\filter\\class-ai1wm-recursive-newline-filter.php","line":28}

May 05 2024 08:34:51
{"type":8192,"message":"Return type of Ai1wm_Recursive_Newline_Filter::accept() should either be compatible with FilterIterator::accept(): bool, or the #[\\ReturnTypeWillChange] attribute should be used to temporarily suppress the notice","file":"C:\\MAMP\\htdocs\\fahad\\wp-content\\plugins\\all-in-one-wp-migration\\lib\\vendor\\servmask\\filter\\class-ai1wm-recursive-newline-filter.php","line":28}

May 05 2024 08:34:52
{"type":8192,"message":"Return type of Ai1wm_Recursive_Newline_Filter::accept() should either be compatible with FilterIterator::accept(): bool, or the #[\\ReturnTypeWillChange] attribute should be used to temporarily suppress the notice","file":"C:\\MAMP\\htdocs\\fahad\\wp-content\\plugins\\all-in-one-wp-migration\\lib\\vendor\\servmask\\filter\\class-ai1wm-recursive-newline-filter.php","line":28}

May 05 2024 08:34:53
{"type":8192,"message":"Return type of Ai1wm_Recursive_Newline_Filter::accept() should either be compatible with FilterIterator::accept(): bool, or the #[\\ReturnTypeWillChange] attribute should be used to temporarily suppress the notice","file":"C:\\MAMP\\htdocs\\fahad\\wp-content\\plugins\\all-in-one-wp-migration\\lib\\vendor\\servmask\\filter\\class-ai1wm-recursive-newline-filter.php","line":28}

May 05 2024 08:34:54
{"type":8192,"message":"Return type of Ai1wm_Recursive_Newline_Filter::accept() should either be compatible with FilterIterator::accept(): bool, or the #[\\ReturnTypeWillChange] attribute should be used to temporarily suppress the notice","file":"C:\\MAMP\\htdocs\\fahad\\wp-content\\plugins\\all-in-one-wp-migration\\lib\\vendor\\servmask\\filter\\class-ai1wm-recursive-newline-filter.php","line":28}

May 05 2024 08:34:55
{"type":8192,"message":"Return type of Ai1wm_Recursive_Newline_Filter::accept() should either be compatible with FilterIterator::accept(): bool, or the #[\\ReturnTypeWillChange] attribute should be used to temporarily suppress the notice","file":"C:\\MAMP\\htdocs\\fahad\\wp-content\\plugins\\all-in-one-wp-migration\\lib\\vendor\\servmask\\filter\\class-ai1wm-recursive-newline-filter.php","line":28}

May 05 2024 08:34:57
{"type":8192,"message":"Return type of Ai1wm_Recursive_Newline_Filter::accept() should either be compatible with FilterIterator::accept(): bool, or the #[\\ReturnTypeWillChange] attribute should be used to temporarily suppress the notice","file":"C:\\MAMP\\htdocs\\fahad\\wp-content\\plugins\\all-in-one-wp-migration\\lib\\vendor\\servmask\\filter\\class-ai1wm-recursive-newline-filter.php","line":28}

May 05 2024 08:34:58
{"type":8192,"message":"Return type of Ai1wm_Recursive_Newline_Filter::accept() should either be compatible with FilterIterator::accept(): bool, or the #[\\ReturnTypeWillChange] attribute should be used to temporarily suppress the notice","file":"C:\\MAMP\\htdocs\\fahad\\wp-content\\plugins\\all-in-one-wp-migration\\lib\\vendor\\servmask\\filter\\class-ai1wm-recursive-newline-filter.php","line":28}

May 05 2024 08:34:59
{"type":8192,"message":"Return type of Ai1wm_Recursive_Newline_Filter::accept() should either be compatible with FilterIterator::accept(): bool, or the #[\\ReturnTypeWillChange] attribute should be used to temporarily suppress the notice","file":"C:\\MAMP\\htdocs\\fahad\\wp-content\\plugins\\all-in-one-wp-migration\\lib\\vendor\\servmask\\filter\\class-ai1wm-recursive-newline-filter.php","line":28}

May 05 2024 08:35:00
{"type":8192,"message":"Return type of Ai1wm_Recursive_Newline_Filter::accept() should either be compatible with FilterIterator::accept(): bool, or the #[\\ReturnTypeWillChange] attribute should be used to temporarily suppress the notice","file":"C:\\MAMP\\htdocs\\fahad\\wp-content\\plugins\\all-in-one-wp-migration\\lib\\vendor\\servmask\\filter\\class-ai1wm-recursive-newline-filter.php","line":28}

May 05 2024 08:35:01
{"type":8192,"message":"Return type of Ai1wm_Recursive_Newline_Filter::accept() should either be compatible with FilterIterator::accept(): bool, or the #[\\ReturnTypeWillChange] attribute should be used to temporarily suppress the notice","file":"C:\\MAMP\\htdocs\\fahad\\wp-content\\plugins\\all-in-one-wp-migration\\lib\\vendor\\servmask\\filter\\class-ai1wm-recursive-newline-filter.php","line":28}

May 05 2024 08:35:02
{"type":8192,"message":"Return type of Ai1wm_Recursive_Newline_Filter::accept() should either be compatible with FilterIterator::accept(): bool, or the #[\\ReturnTypeWillChange] attribute should be used to temporarily suppress the notice","file":"C:\\MAMP\\htdocs\\fahad\\wp-content\\plugins\\all-in-one-wp-migration\\lib\\vendor\\servmask\\filter\\class-ai1wm-recursive-newline-filter.php","line":28}

May 05 2024 08:35:04
{"type":8192,"message":"Return type of Ai1wm_Recursive_Newline_Filter::accept() should either be compatible with FilterIterator::accept(): bool, or the #[\\ReturnTypeWillChange] attribute should be used to temporarily suppress the notice","file":"C:\\MAMP\\htdocs\\fahad\\wp-content\\plugins\\all-in-one-wp-migration\\lib\\vendor\\servmask\\filter\\class-ai1wm-recursive-newline-filter.php","line":28}

May 05 2024 08:35:05
{"type":8192,"message":"Return type of Ai1wm_Recursive_Newline_Filter::accept() should either be compatible with FilterIterator::accept(): bool, or the #[\\ReturnTypeWillChange] attribute should be used to temporarily suppress the notice","file":"C:\\MAMP\\htdocs\\fahad\\wp-content\\plugins\\all-in-one-wp-migration\\lib\\vendor\\servmask\\filter\\class-ai1wm-recursive-newline-filter.php","line":28}

May 05 2024 08:35:06
{"type":8192,"message":"Return type of Ai1wm_Recursive_Newline_Filter::accept() should either be compatible with FilterIterator::accept(): bool, or the #[\\ReturnTypeWillChange] attribute should be used to temporarily suppress the notice","file":"C:\\MAMP\\htdocs\\fahad\\wp-content\\plugins\\all-in-one-wp-migration\\lib\\vendor\\servmask\\filter\\class-ai1wm-recursive-newline-filter.php","line":28}

May 05 2024 08:35:07
{"type":8192,"message":"Return type of Ai1wm_Recursive_Newline_Filter::accept() should either be compatible with FilterIterator::accept(): bool, or the #[\\ReturnTypeWillChange] attribute should be used to temporarily suppress the notice","file":"C:\\MAMP\\htdocs\\fahad\\wp-content\\plugins\\all-in-one-wp-migration\\lib\\vendor\\servmask\\filter\\class-ai1wm-recursive-newline-filter.php","line":28}

May 05 2024 08:35:08
{"type":8192,"message":"Return type of Ai1wm_Recursive_Newline_Filter::accept() should either be compatible with FilterIterator::accept(): bool, or the #[\\ReturnTypeWillChange] attribute should be used to temporarily suppress the notice","file":"C:\\MAMP\\htdocs\\fahad\\wp-content\\plugins\\all-in-one-wp-migration\\lib\\vendor\\servmask\\filter\\class-ai1wm-recursive-newline-filter.php","line":28}

May 05 2024 08:35:10
{"type":8192,"message":"Return type of Ai1wm_Recursive_Newline_Filter::accept() should either be compatible with FilterIterator::accept(): bool, or the #[\\ReturnTypeWillChange] attribute should be used to temporarily suppress the notice","file":"C:\\MAMP\\htdocs\\fahad\\wp-content\\plugins\\all-in-one-wp-migration\\lib\\vendor\\servmask\\filter\\class-ai1wm-recursive-newline-filter.php","line":28}

May 05 2024 08:35:11
{"type":8192,"message":"Return type of Ai1wm_Recursive_Newline_Filter::accept() should either be compatible with FilterIterator::accept(): bool, or the #[\\ReturnTypeWillChange] attribute should be used to temporarily suppress the notice","file":"C:\\MAMP\\htdocs\\fahad\\wp-content\\plugins\\all-in-one-wp-migration\\lib\\vendor\\servmask\\filter\\class-ai1wm-recursive-newline-filter.php","line":28}

May 05 2024 08:35:18
{"type":8192,"message":"Return type of Ai1wm_Recursive_Newline_Filter::accept() should either be compatible with FilterIterator::accept(): bool, or the #[\\ReturnTypeWillChange] attribute should be used to temporarily suppress the notice","file":"C:\\MAMP\\htdocs\\fahad\\wp-content\\plugins\\all-in-one-wp-migration\\lib\\vendor\\servmask\\filter\\class-ai1wm-recursive-newline-filter.php","line":28}

May 05 2024 08:35:19
{"type":8192,"message":"Return type of Ai1wm_Recursive_Newline_Filter::accept() should either be compatible with FilterIterator::accept(): bool, or the #[\\ReturnTypeWillChange] attribute should be used to temporarily suppress the notice","file":"C:\\MAMP\\htdocs\\fahad\\wp-content\\plugins\\all-in-one-wp-migration\\lib\\vendor\\servmask\\filter\\class-ai1wm-recursive-newline-filter.php","line":28}

May 05 2024 08:35:30
{"type":8192,"message":"Return type of Ai1wm_Recursive_Newline_Filter::accept() should either be compatible with FilterIterator::accept(): bool, or the #[\\ReturnTypeWillChange] attribute should be used to temporarily suppress the notice","file":"C:\\MAMP\\htdocs\\fahad\\wp-content\\plugins\\all-in-one-wp-migration\\lib\\vendor\\servmask\\filter\\class-ai1wm-recursive-newline-filter.php","line":28}

May 05 2024 08:35:41
{"type":8192,"message":"Return type of Ai1wm_Recursive_Newline_Filter::accept() should either be compatible with FilterIterator::accept(): bool, or the #[\\ReturnTypeWillChange] attribute should be used to temporarily suppress the notice","file":"C:\\MAMP\\htdocs\\fahad\\wp-content\\plugins\\all-in-one-wp-migration\\lib\\vendor\\servmask\\filter\\class-ai1wm-recursive-newline-filter.php","line":28}

May 05 2024 08:35:47
{"type":8192,"message":"Return type of Ai1wm_Recursive_Newline_Filter::accept() should either be compatible with FilterIterator::accept(): bool, or the #[\\ReturnTypeWillChange] attribute should be used to temporarily suppress the notice","file":"C:\\MAMP\\htdocs\\fahad\\wp-content\\plugins\\all-in-one-wp-migration\\lib\\vendor\\servmask\\filter\\class-ai1wm-recursive-newline-filter.php","line":28}

May 05 2024 08:35:49
{"type":8192,"message":"Return type of Ai1wm_Recursive_Newline_Filter::accept() should either be compatible with FilterIterator::accept(): bool, or the #[\\ReturnTypeWillChange] attribute should be used to temporarily suppress the notice","file":"C:\\MAMP\\htdocs\\fahad\\wp-content\\plugins\\all-in-one-wp-migration\\lib\\vendor\\servmask\\filter\\class-ai1wm-recursive-newline-filter.php","line":28}

May 05 2024 08:35:50
{"Number":8192,"Message":"Creation of dynamic property Ai1wm_Database_Mysqli::$old_replace_raw_values is deprecated","File":"C:\\MAMP\\htdocs\\fahad\\wp-content\\plugins\\all-in-one-wp-migration\\lib\\vendor\\servmask\\database\\class-ai1wm-database.php","Line":300}

May 05 2024 08:35:50
{"Number":8192,"Message":"Creation of dynamic property Ai1wm_Database_Mysqli::$new_replace_raw_values is deprecated","File":"C:\\MAMP\\htdocs\\fahad\\wp-content\\plugins\\all-in-one-wp-migration\\lib\\vendor\\servmask\\database\\class-ai1wm-database.php","Line":321}

May 05 2024 08:35:55
{"type":8192,"message":"Return type of Ai1wm_Recursive_Newline_Filter::accept() should either be compatible with FilterIterator::accept(): bool, or the #[\\ReturnTypeWillChange] attribute should be used to temporarily suppress the notice","file":"C:\\MAMP\\htdocs\\fahad\\wp-content\\plugins\\all-in-one-wp-migration\\lib\\vendor\\servmask\\filter\\class-ai1wm-recursive-newline-filter.php","line":28}

May 05 2024 08:35:56
{"type":8192,"message":"Return type of Ai1wm_Recursive_Newline_Filter::accept() should either be compatible with FilterIterator::accept(): bool, or the #[\\ReturnTypeWillChange] attribute should be used to temporarily suppress the notice","file":"C:\\MAMP\\htdocs\\fahad\\wp-content\\plugins\\all-in-one-wp-migration\\lib\\vendor\\servmask\\filter\\class-ai1wm-recursive-newline-filter.php","line":28}

May 05 2024 08:35:58
{"type":8192,"message":"Return type of Ai1wm_Recursive_Newline_Filter::accept() should either be compatible with FilterIterator::accept(): bool, or the #[\\ReturnTypeWillChange] attribute should be used to temporarily suppress the notice","file":"C:\\MAMP\\htdocs\\fahad\\wp-content\\plugins\\all-in-one-wp-migration\\lib\\vendor\\servmask\\filter\\class-ai1wm-recursive-newline-filter.php","line":28}

